e:\xvideo\src\xvideo\x64\debug\main.obj
e:\xvideo\src\xvideo\x64\debug\xvideoui.obj
e:\xvideo\src\xvideo\x64\debug\xvideowidget.obj
e:\xvideo\src\xvideo\x64\debug\vc140.pdb
e:\xvideo\src\xvideo\x64\debug\qrc_xvideoui.obj
e:\xvideo\src\xvideo\x64\debug\moc_xvideoui.obj
e:\xvideo\bin\xvideo.ilk
e:\xvideo\bin\xvideo.exe
e:\xvideo\bin\xvideo.pdb
e:\xvideo\src\xvideo\x64\debug\\moc\moc_xvideoui.cpp
e:\xvideo\src\xvideo\x64\debug\\rcc\qrc_xvideoui.cpp
e:\xvideo\src\xvideo\x64\debug\\..\..\ui_xvideoui.h
e:\xvideo\src\xvideo\x64\debug\uic\ui_xvideoui.h
e:\xvideo\src\xvideo\x64\debug\rcc\qrc_xvideoui.cpp
e:\xvideo\src\xvideo\x64\debug\moc\moc_xvideoui.cpp
e:\xvideo\src\xvideo\ui_xvideoui.h
e:\xvideo\src\xvideo\..\..\bin\xvideo.exe
e:\xvideo\src\xvideo\x64\debug\xvideo.tlog\cl.command.1.tlog
e:\xvideo\src\xvideo\x64\debug\xvideo.tlog\cl.read.1.tlog
e:\xvideo\src\xvideo\x64\debug\xvideo.tlog\cl.write.1.tlog
e:\xvideo\src\xvideo\x64\debug\xvideo.tlog\link.command.1.tlog
e:\xvideo\src\xvideo\x64\debug\xvideo.tlog\link.read.1.tlog
e:\xvideo\src\xvideo\x64\debug\xvideo.tlog\link.write.1.tlog
e:\xvideo\src\xvideo\x64\debug\xvideo.tlog\moc.read.1u.tlog
e:\xvideo\src\xvideo\x64\debug\xvideo.tlog\moc.write.1u.tlog
e:\xvideo\src\xvideo\x64\debug\xvideo.tlog\rcc.read.1u.tlog
e:\xvideo\src\xvideo\x64\debug\xvideo.tlog\rcc.write.1u.tlog
e:\xvideo\src\xvideo\x64\debug\xvideo.tlog\uic.read.1u.tlog
e:\xvideo\src\xvideo\x64\debug\xvideo.tlog\uic.write.1u.tlog
e:\xvideo\src\xvideo\x64\debug\xvideo.tlog\xvideo.write.1u.tlog
